{
  "stats": {
    "suites": 1,
    "tests": 3,
    "passes": 2,
    "pending": 0,
    "failures": 1,
    "start": "2024-01-16T19:33:49.466Z",
    "end": "2024-01-16T19:33:52.239Z",
    "duration": 2773,
    "testsRegistered": 3,
    "passPercent": 66.66666666666666,
    "pendingPercent": 0,
    "other": 0,
    "hasOther": false,
    "skipped": 0,
    "hasSkipped": false
  },
  "results": [
    {
      "uuid": "73fb6409-a1a7-46c7-b0b4-58a9da950c9e",
      "title": "",
      "fullFile": "cypress\\e2e\\test.cy.js",
      "file": "cypress\\e2e\\test.cy.js",
      "beforeHooks": [],
      "afterHooks": [],
      "tests": [],
      "suites": [
        {
          "uuid": "52314054-915e-46aa-98a2-a9445f4c7096",
          "title": "Test de pruebas para Jenkis",
          "fullFile": "",
          "file": "",
          "beforeHooks": [],
          "afterHooks": [],
          "tests": [
            {
              "title": "Test que pasa",
              "fullTitle": "Test de pruebas para Jenkis Test que pasa",
              "timedOut": null,
              "duration": 391,
              "state": "passed",
              "speed": "fast",
              "pass": true,
              "fail": false,
              "pending": false,
              "context": null,
              "code": "cy.visit('https://example.cypress.io');",
              "err": {},
              "uuid": "068f60e1-82e8-4ac1-96aa-2781ab593b1d",
              "parentUUID": "52314054-915e-46aa-98a2-a9445f4c7096",
              "isHook": false,
              "skipped": false
            },
            {
              "title": "Test que falla",
              "fullTitle": "Test de pruebas para Jenkis Test que falla",
              "timedOut": null,
              "duration": 252,
              "state": "failed",
              "speed": null,
              "pass": false,
              "fail": true,
              "pending": false,
              "context": null,
              "code": "cy.visit('https://example.cypress.io');\ncy.get('h1').shoul(\"have.text\", \"Hola hola\");",
              "err": {
                "message": "TypeError: cy.get(...).shoul is not a function",
                "estack": "TypeError: cy.get(...).shoul is not a function\n    at Context.eval (webpack://cypressjenkinsemilio/./cypress/e2e/test.cy.js:7:17)",
                "diff": null
              },
              "uuid": "5960dfc7-42d0-45e8-aaae-7d162bcb22f7",
              "parentUUID": "52314054-915e-46aa-98a2-a9445f4c7096",
              "isHook": false,
              "skipped": false
            },
            {
              "title": "Test que no se ejecuta",
              "fullTitle": "Test de pruebas para Jenkis Test que no se ejecuta",
              "timedOut": null,
              "duration": 134,
              "state": "passed",
              "speed": "fast",
              "pass": true,
              "fail": false,
              "pending": false,
              "context": null,
              "code": "cy.visit('https://example.cypress.io');",
              "err": {},
              "uuid": "590f231e-34eb-4c0d-8772-4b35b17678ff",
              "parentUUID": "52314054-915e-46aa-98a2-a9445f4c7096",
              "isHook": false,
              "skipped": false
            }
          ],
          "suites": [],
          "passes": [
            "068f60e1-82e8-4ac1-96aa-2781ab593b1d",
            "590f231e-34eb-4c0d-8772-4b35b17678ff"
          ],
          "failures": [
            "5960dfc7-42d0-45e8-aaae-7d162bcb22f7"
          ],
          "pending": [],
          "skipped": [],
          "duration": 777,
          "root": false,
          "rootEmpty": false,
          "_timeout": 2000
        }
      ],
      "passes": [],
      "failures": [],
      "pending": [],
      "skipped": [],
      "duration": 0,
      "root": true,
      "rootEmpty": true,
      "_timeout": 2000
    }
  ],
  "meta": {
    "mocha": {
      "version": "7.0.1"
    },
    "mochawesome": {
      "options": {
        "quiet": false,
        "reportFilename": "my new report",
        "saveHtml": true,
        "saveJson": true,
        "consoleReporter": "spec",
        "useInlineDiffs": false,
        "code": true
      },
      "version": "7.1.3"
    },
    "marge": {
      "options": {
        "reporterDir": "reports",
        "reportFilename": "my new report",
        "JSON": true,
        "html": true
      },
      "version": "6.2.0"
    }
  }
}